{
  "RSpec": {
    "coverage": {
      "/Users/sophie/Desktop/columbia/coms4152/sas-event-proj/app/helpers/application_helper.rb": {
        "lines": [
          1,
          null
        ]
      },
      "/Users/sophie/Desktop/columbia/coms4152/sas-event-proj/app/helpers/events_helper.rb": {
        "lines": [
          1,
          null
        ]
      },
      "/Users/sophie/Desktop/columbia/coms4152/sas-event-proj/app/controllers/events_controller.rb": {
        "lines": [
          1,
          1,
          2,
          null,
          2,
          null,
          0,
          null,
          0,
          null,
          0,
          null,
          2,
          null,
          null,
          null,
          1,
          1,
          null,
          null,
          1,
          1,
          1,
          1,
          null,
          0,
          null,
          null,
          null,
          1,
          null,
          1,
          1,
          null,
          null
        ]
      },
      "/Users/sophie/Desktop/columbia/coms4152/sas-event-proj/app/controllers/application_controller.rb": {
        "lines": [
          1,
          null
        ]
      },
      "/Users/sophie/Desktop/columbia/coms4152/sas-event-proj/app/models/event.rb": {
        "lines": [
          1,
          1,
          1,
          1,
          1,
          null
        ]
      },
      "/Users/sophie/Desktop/columbia/coms4152/sas-event-proj/app/models/application_record.rb": {
        "lines": [
          1,
          1,
          null
        ]
      },
      "/Users/sophie/Desktop/columbia/coms4152/sas-event-proj/app/channels/application_cable/channel.rb": {
        "lines": [
          0,
          0,
          0,
          0
        ],
        "branches": {
        }
      },
      "/Users/sophie/Desktop/columbia/coms4152/sas-event-proj/app/channels/application_cable/connection.rb": {
        "lines": [
          0,
          0,
          0,
          0
        ],
        "branches": {
        }
      },
      "/Users/sophie/Desktop/columbia/coms4152/sas-event-proj/app/jobs/application_job.rb": {
        "lines": [
          0,
          null,
          null,
          null,
          null,
          null,
          0
        ],
        "branches": {
        }
      },
      "/Users/sophie/Desktop/columbia/coms4152/sas-event-proj/app/mailers/application_mailer.rb": {
        "lines": [
          0,
          0,
          0,
          0
        ],
        "branches": {
        }
      }
    },
    "timestamp": 1761762265
  }
}
