{
  "RSpec": {
    "coverage": {
      "/Users/sophie/Desktop/columbia/coms4152/sas-event-proj/app/models/user.rb": {
        "lines": [
          null,
          1,
          1,
          null,
          1,
          null,
          null,
          null,
          null,
          1,
          1,
          null,
          1,
          null,
          11,
          null,
          null,
          11,
          null,
          11,
          null,
          5,
          2,
          null,
          5,
          null,
          null,
          6,
          null,
          null,
          null,
          null,
          null,
          null,
          null,
          null,
          null,
          1,
          null,
          1,
          null,
          null,
          null,
          539,
          null,
          null
        ]
      },
      "/Users/sophie/Desktop/columbia/coms4152/sas-event-proj/app/helpers/events_helper.rb": {
        "lines": [
          1,
          null
        ]
      },
      "/Users/sophie/Desktop/columbia/coms4152/sas-event-proj/app/controllers/events_controller.rb": {
        "lines": [
          null,
          null,
          1,
          1,
          1,
          1,
          1,
          null,
          1,
          22,
          null,
          null,
          22,
          1,
          1,
          null,
          null,
          null,
          22,
          null,
          2,
          null,
          2,
          null,
          2,
          null,
          1,
          null,
          null,
          null,
          15,
          null,
          null,
          null,
          1,
          null,
          null,
          null,
          1,
          4,
          null,
          null,
          1,
          0,
          0,
          0,
          null,
          null,
          null,
          1,
          21,
          21,
          null,
          21,
          9,
          null,
          12,
          null,
          null,
          null,
          1,
          null,
          null,
          null,
          1,
          17,
          null,
          17,
          0,
          0,
          null,
          null,
          17,
          null,
          17,
          null,
          null,
          null,
          null,
          0,
          null,
          null,
          1,
          9,
          null,
          9,
          0,
          0,
          null,
          null,
          9,
          5,
          null,
          4,
          null,
          null,
          null,
          1,
          6,
          null,
          null,
          6,
          0,
          0,
          0,
          null,
          null,
          6,
          6,
          null,
          null,
          1,
          null,
          null,
          1,
          34,
          null,
          null,
          null,
          1,
          9,
          2,
          null,
          null,
          null,
          null,
          1,
          25,
          null,
          6,
          null,
          null,
          null,
          1,
          30,
          null,
          null,
          null,
          null,
          null,
          null,
          null,
          null,
          null,
          null,
          null,
          null,
          null
        ]
      },
      "/Users/sophie/Desktop/columbia/coms4152/sas-event-proj/app/controllers/users/omniauth_callbacks_controller.rb": {
        "lines": [
          1,
          1,
          5,
          null,
          5,
          3,
          3,
          null,
          2,
          2,
          null,
          null,
          null
        ]
      },
      "/Users/sophie/Desktop/columbia/coms4152/sas-event-proj/app/models/event.rb": {
        "lines": [
          null,
          null,
          1,
          1,
          1,
          1,
          null,
          null,
          1,
          null,
          1,
          1,
          1,
          1,
          null,
          null,
          1,
          1,
          1,
          null,
          null,
          1,
          null,
          null,
          null,
          1,
          4,
          null,
          null,
          null,
          null,
          null,
          1,
          1,
          1,
          26,
          null,
          5,
          null,
          null,
          21,
          null,
          null,
          null,
          null,
          1,
          38,
          null,
          null,
          null,
          1,
          13,
          null,
          11,
          6,
          5,
          3,
          null,
          2,
          null,
          null,
          null,
          null,
          1,
          25,
          null,
          24,
          24,
          null,
          24,
          9,
          9,
          null,
          15,
          null,
          null,
          null,
          15,
          null,
          null,
          null,
          null,
          1,
          71,
          null,
          null,
          null,
          1,
          37,
          3,
          34,
          32,
          null,
          2,
          null,
          null,
          null,
          null,
          1,
          43,
          null,
          null,
          null,
          1,
          21,
          0,
          21,
          42,
          null,
          0,
          null,
          null,
          null,
          null,
          1,
          15,
          9,
          8,
          null,
          null,
          1,
          null,
          null,
          1,
          222,
          1,
          null,
          null,
          null,
          null,
          1,
          222,
          null,
          7,
          5,
          null,
          null,
          null,
          null,
          1,
          222,
          null,
          null,
          0,
          0,
          null,
          null,
          null,
          0,
          0,
          null,
          null,
          null,
          null,
          1,
          185,
          19,
          19,
          10,
          null,
          null,
          null
        ]
      },
      "/Users/sophie/Desktop/columbia/coms4152/sas-event-proj/app/models/upvote.rb": {
        "lines": [
          1,
          1,
          null,
          null,
          1,
          null,
          1,
          1,
          null,
          1,
          null,
          1,
          null,
          1,
          57,
          null,
          57,
          null,
          null,
          null,
          null,
          null,
          1,
          null,
          1,
          58,
          null,
          null,
          1,
          58,
          null,
          57,
          0,
          null,
          null,
          null
        ]
      }
    },
    "timestamp": 1765858881
  },
  "Cucumber Features": {
    "coverage": {
      "/Users/sophie/Desktop/columbia/coms4152/sas-event-proj/app/models/user.rb": {
        "lines": [
          null,
          1,
          1,
          null,
          1,
          null,
          null,
          null,
          null,
          1,
          1,
          null,
          1,
          null,
          0,
          null,
          null,
          0,
          null,
          0,
          null,
          0,
          0,
          null,
          0,
          null,
          null,
          0,
          null,
          null,
          null,
          null,
          null,
          null,
          null,
          null,
          null,
          1,
          null,
          1,
          null,
          null,
          null,
          164,
          null,
          null
        ]
      },
      "/Users/sophie/Desktop/columbia/coms4152/sas-event-proj/app/models/application_record.rb": {
        "lines": [
          1,
          1,
          null
        ]
      },
      "/Users/sophie/Desktop/columbia/coms4152/sas-event-proj/app/models/event.rb": {
        "lines": [
          null,
          null,
          1,
          1,
          1,
          1,
          null,
          null,
          1,
          null,
          1,
          1,
          1,
          1,
          null,
          null,
          1,
          1,
          1,
          null,
          null,
          1,
          null,
          null,
          null,
          1,
          1,
          null,
          null,
          null,
          null,
          null,
          1,
          1,
          1,
          64,
          null,
          62,
          null,
          null,
          2,
          null,
          null,
          null,
          null,
          1,
          165,
          null,
          null,
          null,
          1,
          163,
          null,
          163,
          163,
          0,
          0,
          null,
          0,
          null,
          null,
          null,
          null,
          1,
          0,
          null,
          0,
          0,
          null,
          0,
          0,
          0,
          null,
          0,
          null,
          null,
          null,
          0,
          null,
          null,
          null,
          null,
          1,
          399,
          null,
          null,
          null,
          1,
          170,
          0,
          170,
          170,
          null,
          0,
          null,
          null,
          null,
          null,
          1,
          49,
          null,
          null,
          null,
          1,
          38,
          33,
          5,
          10,
          null,
          0,
          null,
          null,
          null,
          null,
          1,
          0,
          0,
          0,
          null,
          null,
          1,
          null,
          null,
          1,
          202,
          4,
          null,
          null,
          null,
          null,
          1,
          202,
          null,
          6,
          3,
          null,
          null,
          null,
          null,
          1,
          202,
          null,
          null,
          4,
          1,
          null,
          null,
          null,
          4,
          1,
          null,
          null,
          null,
          null,
          1,
          184,
          5,
          5,
          5,
          null,
          null,
          null
        ]
      },
      "/Users/sophie/Desktop/columbia/coms4152/sas-event-proj/app/models/upvote.rb": {
        "lines": [
          1,
          1,
          null,
          null,
          1,
          null,
          1,
          1,
          null,
          1,
          null,
          1,
          null,
          1,
          92,
          null,
          92,
          null,
          null,
          null,
          null,
          null,
          1,
          null,
          1,
          93,
          null,
          null,
          1,
          93,
          null,
          92,
          2,
          null,
          null,
          null
        ]
      },
      "/Users/sophie/Desktop/columbia/coms4152/sas-event-proj/app/controllers/application_controller.rb": {
        "lines": [
          1,
          1,
          0,
          null,
          null
        ]
      },
      "/Users/sophie/Desktop/columbia/coms4152/sas-event-proj/app/helpers/application_helper.rb": {
        "lines": [
          1,
          null
        ]
      },
      "/Users/sophie/Desktop/columbia/coms4152/sas-event-proj/app/helpers/events_helper.rb": {
        "lines": [
          1,
          null
        ]
      },
      "/Users/sophie/Desktop/columbia/coms4152/sas-event-proj/app/controllers/events_controller.rb": {
        "lines": [
          null,
          null,
          1,
          1,
          1,
          1,
          1,
          null,
          1,
          64,
          null,
          null,
          64,
          0,
          0,
          null,
          null,
          null,
          64,
          null,
          1,
          null,
          1,
          null,
          1,
          null,
          1,
          null,
          null,
          null,
          60,
          null,
          null,
          null,
          1,
          null,
          null,
          null,
          1,
          30,
          null,
          null,
          1,
          0,
          0,
          0,
          null,
          null,
          null,
          1,
          28,
          28,
          null,
          28,
          13,
          null,
          15,
          null,
          null,
          null,
          1,
          null,
          null,
          null,
          1,
          0,
          null,
          0,
          0,
          0,
          null,
          null,
          0,
          null,
          0,
          null,
          null,
          null,
          null,
          0,
          null,
          null,
          1,
          5,
          null,
          5,
          0,
          0,
          null,
          null,
          5,
          2,
          null,
          3,
          null,
          null,
          null,
          1,
          2,
          null,
          null,
          2,
          0,
          0,
          0,
          null,
          null,
          2,
          2,
          null,
          null,
          1,
          null,
          null,
          1,
          14,
          null,
          null,
          null,
          1,
          0,
          0,
          null,
          null,
          null,
          null,
          1,
          14,
          null,
          1,
          null,
          null,
          null,
          1,
          33,
          null,
          null,
          null,
          null,
          null,
          null,
          null,
          null,
          null,
          null,
          null,
          null,
          null
        ]
      },
      "/Users/sophie/Desktop/columbia/coms4152/sas-event-proj/app/channels/application_cable/channel.rb": {
        "lines": [
          0,
          0,
          0,
          0
        ],
        "branches": {}
      },
      "/Users/sophie/Desktop/columbia/coms4152/sas-event-proj/app/channels/application_cable/connection.rb": {
        "lines": [
          0,
          0,
          0,
          0
        ],
        "branches": {}
      },
      "/Users/sophie/Desktop/columbia/coms4152/sas-event-proj/app/controllers/users/omniauth_callbacks_controller.rb": {
        "lines": [
          0,
          0,
          0,
          null,
          0,
          0,
          0,
          0,
          0,
          0,
          0,
          0,
          0
        ],
        "branches": {}
      },
      "/Users/sophie/Desktop/columbia/coms4152/sas-event-proj/app/jobs/application_job.rb": {
        "lines": [
          0,
          null,
          null,
          null,
          null,
          null,
          0
        ],
        "branches": {}
      },
      "/Users/sophie/Desktop/columbia/coms4152/sas-event-proj/app/mailers/application_mailer.rb": {
        "lines": [
          0,
          0,
          0,
          0
        ],
        "branches": {}
      }
    },
    "timestamp": 1765858888
  }
}
